[25-Aug-2017 06:05:59 UTC] PHP Warning:  include(includes/navigation.php): failed to open stream: No such file or directory in /home/ubuntu/workspace/includes/contact.php on line 2
[25-Aug-2017 06:05:59 UTC] PHP Stack trace:
[25-Aug-2017 06:05:59 UTC] PHP   1. {main}() /home/ubuntu/workspace/includes/contact.php:0
[25-Aug-2017 06:05:59 UTC] PHP Warning:  include(): Failed opening 'includes/navigation.php' for inclusion (include_path='.:/usr/share/php:/usr/share/pear') in /home/ubuntu/workspace/includes/contact.php on line 2
[25-Aug-2017 06:05:59 UTC] PHP Stack trace:
[25-Aug-2017 06:05:59 UTC] PHP   1. {main}() /home/ubuntu/workspace/includes/contact.php:0
[25-Aug-2017 06:07:39 UTC] PHP Warning:  include(includes/navigation.php): failed to open stream: No such file or directory in /home/ubuntu/workspace/includes/contact.php on line 5
[25-Aug-2017 06:07:39 UTC] PHP Stack trace:
[25-Aug-2017 06:07:39 UTC] PHP   1. {main}() /home/ubuntu/workspace/includes/contact.php:0
[25-Aug-2017 06:07:39 UTC] PHP Warning:  include(): Failed opening 'includes/navigation.php' for inclusion (include_path='.:/usr/share/php:/usr/share/pear') in /home/ubuntu/workspace/includes/contact.php on line 5
[25-Aug-2017 06:07:39 UTC] PHP Stack trace:
[25-Aug-2017 06:07:39 UTC] PHP   1. {main}() /home/ubuntu/workspace/includes/contact.php:0
[25-Aug-2017 06:09:32 UTC] PHP Warning:  include(includes/navigation.php): failed to open stream: No such file or directory in /home/ubuntu/workspace/includes/contact.php on line 5
[25-Aug-2017 06:09:32 UTC] PHP Stack trace:
[25-Aug-2017 06:09:32 UTC] PHP   1. {main}() /home/ubuntu/workspace/includes/contact.php:0
[25-Aug-2017 06:09:32 UTC] PHP Warning:  include(): Failed opening 'includes/navigation.php' for inclusion (include_path='.:/usr/share/php:/usr/share/pear') in /home/ubuntu/workspace/includes/contact.php on line 5
[25-Aug-2017 06:09:32 UTC] PHP Stack trace:
[25-Aug-2017 06:09:32 UTC] PHP   1. {main}() /home/ubuntu/workspace/includes/contact.php:0
[25-Aug-2017 06:09:49 UTC] PHP Warning:  include(includes/navigation.php): failed to open stream: No such file or directory in /home/ubuntu/workspace/includes/contact.php on line 5
[25-Aug-2017 06:09:49 UTC] PHP Stack trace:
[25-Aug-2017 06:09:49 UTC] PHP   1. {main}() /home/ubuntu/workspace/includes/contact.php:0
[25-Aug-2017 06:09:49 UTC] PHP Warning:  include(): Failed opening 'includes/navigation.php' for inclusion (include_path='.:/usr/share/php:/usr/share/pear') in /home/ubuntu/workspace/includes/contact.php on line 5
[25-Aug-2017 06:09:49 UTC] PHP Stack trace:
[25-Aug-2017 06:09:49 UTC] PHP   1. {main}() /home/ubuntu/workspace/includes/contact.php:0
[25-Aug-2017 06:09:51 UTC] PHP Warning:  include(includes/navigation.php): failed to open stream: No such file or directory in /home/ubuntu/workspace/includes/contact.php on line 5
[25-Aug-2017 06:09:51 UTC] PHP Stack trace:
[25-Aug-2017 06:09:51 UTC] PHP   1. {main}() /home/ubuntu/workspace/includes/contact.php:0
[25-Aug-2017 06:09:51 UTC] PHP Warning:  include(): Failed opening 'includes/navigation.php' for inclusion (include_path='.:/usr/share/php:/usr/share/pear') in /home/ubuntu/workspace/includes/contact.php on line 5
[25-Aug-2017 06:09:51 UTC] PHP Stack trace:
[25-Aug-2017 06:09:51 UTC] PHP   1. {main}() /home/ubuntu/workspace/includes/contact.php:0
[25-Aug-2017 06:09:54 UTC] PHP Warning:  include(includes/navigation.php): failed to open stream: No such file or directory in /home/ubuntu/workspace/includes/contact.php on line 5
[25-Aug-2017 06:09:54 UTC] PHP Stack trace:
[25-Aug-2017 06:09:54 UTC] PHP   1. {main}() /home/ubuntu/workspace/includes/contact.php:0
[25-Aug-2017 06:09:54 UTC] PHP Warning:  include(): Failed opening 'includes/navigation.php' for inclusion (include_path='.:/usr/share/php:/usr/share/pear') in /home/ubuntu/workspace/includes/contact.php on line 5
[25-Aug-2017 06:09:54 UTC] PHP Stack trace:
[25-Aug-2017 06:09:54 UTC] PHP   1. {main}() /home/ubuntu/workspace/includes/contact.php:0
[29-Aug-2017 08:37:57 UTC] PHP Warning:  include(../includes/bookings.php): failed to open stream: No such file or directory in /home/ubuntu/workspace/admin/home.php on line 26
[29-Aug-2017 08:37:57 UTC] PHP Stack trace:
[29-Aug-2017 08:37:57 UTC] PHP   1. {main}() /home/ubuntu/workspace/admin/home.php:0
[29-Aug-2017 08:37:57 UTC] PHP Warning:  include(): Failed opening '../includes/bookings.php' for inclusion (include_path='.:/usr/share/php:/usr/share/pear') in /home/ubuntu/workspace/admin/home.php on line 26
[29-Aug-2017 08:37:57 UTC] PHP Stack trace:
[29-Aug-2017 08:37:57 UTC] PHP   1. {main}() /home/ubuntu/workspace/admin/home.php:0
[29-Aug-2017 08:38:28 UTC] PHP Warning:  include(admin/includes/bookings.php): failed to open stream: No such file or directory in /home/ubuntu/workspace/admin/home.php on line 26
[29-Aug-2017 08:38:28 UTC] PHP Stack trace:
[29-Aug-2017 08:38:28 UTC] PHP   1. {main}() /home/ubuntu/workspace/admin/home.php:0
[29-Aug-2017 08:38:28 UTC] PHP Warning:  include(): Failed opening 'admin/includes/bookings.php' for inclusion (include_path='.:/usr/share/php:/usr/share/pear') in /home/ubuntu/workspace/admin/home.php on line 26
[29-Aug-2017 08:38:28 UTC] PHP Stack trace:
[29-Aug-2017 08:38:28 UTC] PHP   1. {main}() /home/ubuntu/workspace/admin/home.php:0
[31-Aug-2017 07:38:26 UTC] PHP Warning:  include(/includes/profile.php): failed to open stream: No such file or directory in /home/ubuntu/workspace/admin/includes/navigation.php on line 31
[31-Aug-2017 07:38:26 UTC] PHP Stack trace:
[31-Aug-2017 07:38:26 UTC] PHP   1. {main}() /home/ubuntu/workspace/admin/home.php:0
[31-Aug-2017 07:38:26 UTC] PHP   2. include() /home/ubuntu/workspace/admin/home.php:10
[31-Aug-2017 07:38:26 UTC] PHP Warning:  include(): Failed opening '/includes/profile.php' for inclusion (include_path='.:/usr/share/php:/usr/share/pear') in /home/ubuntu/workspace/admin/includes/navigation.php on line 31
[31-Aug-2017 07:38:26 UTC] PHP Stack trace:
[31-Aug-2017 07:38:26 UTC] PHP   1. {main}() /home/ubuntu/workspace/admin/home.php:0
[31-Aug-2017 07:38:26 UTC] PHP   2. include() /home/ubuntu/workspace/admin/home.php:10
[31-Aug-2017 07:38:38 UTC] PHP Warning:  include(/includes/profile.php): failed to open stream: No such file or directory in /home/ubuntu/workspace/admin/includes/navigation.php on line 31
[31-Aug-2017 07:38:38 UTC] PHP Stack trace:
[31-Aug-2017 07:38:38 UTC] PHP   1. {main}() /home/ubuntu/workspace/admin/home.php:0
[31-Aug-2017 07:38:38 UTC] PHP   2. include() /home/ubuntu/workspace/admin/home.php:10
[31-Aug-2017 07:38:38 UTC] PHP Warning:  include(): Failed opening '/includes/profile.php' for inclusion (include_path='.:/usr/share/php:/usr/share/pear') in /home/ubuntu/workspace/admin/includes/navigation.php on line 31
[31-Aug-2017 07:38:38 UTC] PHP Stack trace:
[31-Aug-2017 07:38:38 UTC] PHP   1. {main}() /home/ubuntu/workspace/admin/home.php:0
[31-Aug-2017 07:38:38 UTC] PHP   2. include() /home/ubuntu/workspace/admin/home.php:10
[31-Aug-2017 07:39:20 UTC] PHP Warning:  include(/includes/profile.php): failed to open stream: No such file or directory in /home/ubuntu/workspace/admin/includes/navigation.php on line 2
[31-Aug-2017 07:39:20 UTC] PHP Stack trace:
[31-Aug-2017 07:39:20 UTC] PHP   1. {main}() /home/ubuntu/workspace/admin/home.php:0
[31-Aug-2017 07:39:20 UTC] PHP   2. include() /home/ubuntu/workspace/admin/home.php:10
[31-Aug-2017 07:39:20 UTC] PHP Warning:  include(): Failed opening '/includes/profile.php' for inclusion (include_path='.:/usr/share/php:/usr/share/pear') in /home/ubuntu/workspace/admin/includes/navigation.php on line 2
[31-Aug-2017 07:39:20 UTC] PHP Stack trace:
[31-Aug-2017 07:39:20 UTC] PHP   1. {main}() /home/ubuntu/workspace/admin/home.php:0
[31-Aug-2017 07:39:20 UTC] PHP   2. include() /home/ubuntu/workspace/admin/home.php:10
[31-Aug-2017 08:12:24 UTC] PHP Warning:  include(admin/includes/booking_management.php): failed to open stream: No such file or directory in /home/ubuntu/workspace/admin/includes/bookings.php on line 77
[31-Aug-2017 08:12:24 UTC] PHP Stack trace:
[31-Aug-2017 08:12:24 UTC] PHP   1. {main}() /home/ubuntu/workspace/admin/home.php:0
[31-Aug-2017 08:12:24 UTC] PHP   2. include() /home/ubuntu/workspace/admin/home.php:26
[31-Aug-2017 08:12:24 UTC] PHP Warning:  include(): Failed opening 'admin/includes/booking_management.php' for inclusion (include_path='.:/usr/share/php:/usr/share/pear') in /home/ubuntu/workspace/admin/includes/bookings.php on line 77
[31-Aug-2017 08:12:24 UTC] PHP Stack trace:
[31-Aug-2017 08:12:24 UTC] PHP   1. {main}() /home/ubuntu/workspace/admin/home.php:0
[31-Aug-2017 08:12:24 UTC] PHP   2. include() /home/ubuntu/workspace/admin/home.php:26
