[17-Sep-2017 02:09:12 UTC] PHP Fatal error:  Call to a member function prepare() on a non-object in /home/ubuntu/workspace/admin/includes/profile.php on line 9
[17-Sep-2017 02:09:12 UTC] PHP Stack trace:
[17-Sep-2017 02:09:12 UTC] PHP   1. {main}() /home/ubuntu/workspace/admin/includes/profile.php:0
[17-Sep-2017 02:10:55 UTC] PHP Fatal error:  Call to a member function prepare() on a non-object in /home/ubuntu/workspace/admin/includes/profile.php on line 9
[17-Sep-2017 02:10:55 UTC] PHP Stack trace:
[17-Sep-2017 02:10:55 UTC] PHP   1. {main}() /home/ubuntu/workspace/admin/includes/profile.php:0
[17-Sep-2017 02:10:55 UTC] PHP Fatal error:  Call to a member function prepare() on a non-object in /home/ubuntu/workspace/admin/includes/profile.php on line 9
[17-Sep-2017 02:10:55 UTC] PHP Stack trace:
[17-Sep-2017 02:10:55 UTC] PHP   1. {main}() /home/ubuntu/workspace/admin/includes/profile.php:0
[17-Sep-2017 02:11:46 UTC] PHP Fatal error:  Call to a member function prepare() on a non-object in /home/ubuntu/workspace/admin/includes/profile.php on line 9
[17-Sep-2017 02:11:46 UTC] PHP Stack trace:
[17-Sep-2017 02:11:46 UTC] PHP   1. {main}() /home/ubuntu/workspace/admin/includes/profile.php:0
[17-Sep-2017 02:11:46 UTC] PHP Fatal error:  Call to a member function prepare() on a non-object in /home/ubuntu/workspace/admin/includes/profile.php on line 9
[17-Sep-2017 02:11:46 UTC] PHP Stack trace:
[17-Sep-2017 02:11:46 UTC] PHP   1. {main}() /home/ubuntu/workspace/admin/includes/profile.php:0
[17-Sep-2017 02:11:51 UTC] PHP Fatal error:  Call to a member function prepare() on a non-object in /home/ubuntu/workspace/admin/includes/profile.php on line 9
[17-Sep-2017 02:11:51 UTC] PHP Stack trace:
[17-Sep-2017 02:11:51 UTC] PHP   1. {main}() /home/ubuntu/workspace/admin/includes/profile.php:0
[17-Sep-2017 02:11:51 UTC] PHP Fatal error:  Call to a member function prepare() on a non-object in /home/ubuntu/workspace/admin/includes/profile.php on line 9
[17-Sep-2017 02:11:51 UTC] PHP Stack trace:
[17-Sep-2017 02:11:51 UTC] PHP   1. {main}() /home/ubuntu/workspace/admin/includes/profile.php:0
[17-Sep-2017 02:12:00 UTC] PHP Fatal error:  Call to a member function prepare() on a non-object in /home/ubuntu/workspace/admin/includes/profile.php on line 9
[17-Sep-2017 02:12:00 UTC] PHP Stack trace:
[17-Sep-2017 02:12:00 UTC] PHP   1. {main}() /home/ubuntu/workspace/admin/includes/profile.php:0
[17-Sep-2017 02:12:00 UTC] PHP Fatal error:  Call to a member function prepare() on a non-object in /home/ubuntu/workspace/admin/includes/profile.php on line 9
[17-Sep-2017 02:12:00 UTC] PHP Stack trace:
[17-Sep-2017 02:12:00 UTC] PHP   1. {main}() /home/ubuntu/workspace/admin/includes/profile.php:0
[17-Sep-2017 02:12:01 UTC] PHP Fatal error:  Call to a member function prepare() on a non-object in /home/ubuntu/workspace/admin/includes/profile.php on line 9
[17-Sep-2017 02:12:01 UTC] PHP Stack trace:
[17-Sep-2017 02:12:01 UTC] PHP   1. {main}() /home/ubuntu/workspace/admin/includes/profile.php:0
[17-Sep-2017 02:18:05 UTC] PHP Fatal error:  Call to a member function prepare() on a non-object in /home/ubuntu/workspace/admin/includes/profile.php on line 9
[17-Sep-2017 02:18:05 UTC] PHP Stack trace:
[17-Sep-2017 02:18:05 UTC] PHP   1. {main}() /home/ubuntu/workspace/admin/includes/profile.php:0
[17-Sep-2017 02:19:52 UTC] PHP Fatal error:  Class 'Database' not found in /home/ubuntu/workspace/admin/includes/profile.php on line 5
[17-Sep-2017 02:19:52 UTC] PHP Stack trace:
[17-Sep-2017 02:19:52 UTC] PHP   1. {main}() /home/ubuntu/workspace/admin/includes/profile.php:0
[17-Sep-2017 02:21:29 UTC] PHP Fatal error:  Class 'Database' not found in /home/ubuntu/workspace/admin/includes/profile.php on line 5
[17-Sep-2017 02:21:29 UTC] PHP Stack trace:
[17-Sep-2017 02:21:29 UTC] PHP   1. {main}() /home/ubuntu/workspace/admin/includes/profile.php:0
[17-Sep-2017 02:21:29 UTC] PHP Fatal error:  Class 'Database' not found in /home/ubuntu/workspace/admin/includes/profile.php on line 5
[17-Sep-2017 02:21:30 UTC] PHP Stack trace:
[17-Sep-2017 02:21:30 UTC] PHP   1. {main}() /home/ubuntu/workspace/admin/includes/profile.php:0
[17-Sep-2017 02:23:11 UTC] PHP Fatal error:  Class 'Database' not found in /home/ubuntu/workspace/admin/includes/profile.php on line 5
[17-Sep-2017 02:23:11 UTC] PHP Stack trace:
[17-Sep-2017 02:23:11 UTC] PHP   1. {main}() /home/ubuntu/workspace/admin/includes/profile.php:0
[17-Sep-2017 02:23:11 UTC] PHP Fatal error:  Class 'Database' not found in /home/ubuntu/workspace/admin/includes/profile.php on line 5
[17-Sep-2017 02:23:11 UTC] PHP Stack trace:
[17-Sep-2017 02:23:11 UTC] PHP   1. {main}() /home/ubuntu/workspace/admin/includes/profile.php:0
[17-Sep-2017 02:23:56 UTC] PHP Fatal error:  Class 'Database' not found in /home/ubuntu/workspace/admin/includes/profile.php on line 5
[17-Sep-2017 02:23:56 UTC] PHP Stack trace:
[17-Sep-2017 02:23:56 UTC] PHP   1. {main}() /home/ubuntu/workspace/admin/includes/profile.php:0
[17-Sep-2017 02:23:56 UTC] PHP Fatal error:  Class 'Database' not found in /home/ubuntu/workspace/admin/includes/profile.php on line 5
[17-Sep-2017 02:23:56 UTC] PHP Stack trace:
[17-Sep-2017 02:23:56 UTC] PHP   1. {main}() /home/ubuntu/workspace/admin/includes/profile.php:0
[17-Sep-2017 02:24:08 UTC] PHP Fatal error:  Class 'Database' not found in /home/ubuntu/workspace/admin/includes/profile.php on line 5
[17-Sep-2017 02:24:08 UTC] PHP Stack trace:
[17-Sep-2017 02:24:08 UTC] PHP   1. {main}() /home/ubuntu/workspace/admin/includes/profile.php:0
[17-Sep-2017 02:24:08 UTC] PHP Fatal error:  Class 'Database' not found in /home/ubuntu/workspace/admin/includes/profile.php on line 5
[17-Sep-2017 02:24:08 UTC] PHP Stack trace:
[17-Sep-2017 02:24:08 UTC] PHP   1. {main}() /home/ubuntu/workspace/admin/includes/profile.php:0
[17-Sep-2017 02:26:39 UTC] PHP Fatal error:  Class 'Database' not found in /home/ubuntu/workspace/admin/includes/profile.php on line 5
[17-Sep-2017 02:26:39 UTC] PHP Stack trace:
[17-Sep-2017 02:26:39 UTC] PHP   1. {main}() /home/ubuntu/workspace/admin/includes/profile.php:0
[17-Sep-2017 02:26:53 UTC] PHP Fatal error:  Class 'Database' not found in /home/ubuntu/workspace/admin/includes/profile.php on line 5
[17-Sep-2017 02:26:53 UTC] PHP Stack trace:
[17-Sep-2017 02:26:53 UTC] PHP   1. {main}() /home/ubuntu/workspace/admin/includes/profile.php:0
[17-Sep-2017 02:26:58 UTC] PHP Fatal error:  Class 'Database' not found in /home/ubuntu/workspace/admin/includes/profile.php on line 5
[17-Sep-2017 02:26:58 UTC] PHP Stack trace:
[17-Sep-2017 02:26:58 UTC] PHP   1. {main}() /home/ubuntu/workspace/admin/includes/profile.php:0
[17-Sep-2017 02:26:58 UTC] PHP Fatal error:  Class 'Database' not found in /home/ubuntu/workspace/admin/includes/profile.php on line 5
[17-Sep-2017 02:26:58 UTC] PHP Stack trace:
[17-Sep-2017 02:26:58 UTC] PHP   1. {main}() /home/ubuntu/workspace/admin/includes/profile.php:0
[17-Sep-2017 02:28:28 UTC] PHP Fatal error:  Class 'Database' not found in /home/ubuntu/workspace/admin/includes/profile.php on line 5
[17-Sep-2017 02:28:28 UTC] PHP Stack trace:
[17-Sep-2017 02:28:28 UTC] PHP   1. {main}() /home/ubuntu/workspace/admin/includes/profile.php:0
[17-Sep-2017 02:30:52 UTC] PHP Fatal error:  Class 'Database' not found in /home/ubuntu/workspace/admin/includes/profile_select.php on line 5
[17-Sep-2017 02:30:52 UTC] PHP Stack trace:
[17-Sep-2017 02:30:52 UTC] PHP   1. {main}() /home/ubuntu/workspace/admin/includes/profile_select.php:0
[17-Sep-2017 02:32:50 UTC] PHP Fatal error:  Call to a member function prepare() on a non-object in /home/ubuntu/workspace/admin/includes/profile_select.php on line 14
[17-Sep-2017 02:32:50 UTC] PHP Stack trace:
[17-Sep-2017 02:32:50 UTC] PHP   1. {main}() /home/ubuntu/workspace/admin/includes/profile_select.php:0
[17-Sep-2017 02:33:01 UTC] PHP Fatal error:  Class 'Database' not found in /home/ubuntu/workspace/admin/includes/profile.php on line 9
[17-Sep-2017 02:33:01 UTC] PHP Stack trace:
[17-Sep-2017 02:33:01 UTC] PHP   1. {main}() /home/ubuntu/workspace/admin/includes/profile.php:0
[17-Sep-2017 02:33:43 UTC] PHP Fatal error:  Call to a member function getConnection() on a non-object in /home/ubuntu/workspace/admin/includes/profile.php on line 10
[17-Sep-2017 02:33:43 UTC] PHP Stack trace:
[17-Sep-2017 02:33:43 UTC] PHP   1. {main}() /home/ubuntu/workspace/admin/includes/profile.php:0
[17-Sep-2017 02:56:04 UTC] PHP Fatal error:  Call to a member function prepare() on a non-object in /home/ubuntu/workspace/admin/includes/profile.php on line 10
[17-Sep-2017 02:56:04 UTC] PHP Stack trace:
[17-Sep-2017 02:56:04 UTC] PHP   1. {main}() /home/ubuntu/workspace/admin/includes/profile.php:0
[17-Sep-2017 02:59:31 UTC] PHP Fatal error:  Class 'Database' not found in /home/ubuntu/workspace/admin/includes/profile.php on line 10
[17-Sep-2017 02:59:31 UTC] PHP Stack trace:
[17-Sep-2017 02:59:31 UTC] PHP   1. {main}() /home/ubuntu/workspace/admin/includes/profile.php:0
[21-Sep-2017 06:37:11 UTC] PHP Warning:  mysqli_stmt::bind_param(): Number of variables doesn't match number of parameters in prepared statement in /home/ubuntu/workspace/admin/includes/booking_management.php on line 15
[21-Sep-2017 06:37:11 UTC] PHP Stack trace:
[21-Sep-2017 06:37:11 UTC] PHP   1. {main}() /home/ubuntu/workspace/admin/includes/booking_management.php:0
[21-Sep-2017 06:37:11 UTC] PHP   2. mysqli_stmt->bind_param(*uninitialized*, *uninitialized*) /home/ubuntu/workspace/admin/includes/booking_management.php:15
